<?xml version="1.0" encoding="UTF-8"?>
<!-- Generated by org.testng.reporters.JUnitXMLReporter -->
<testsuite ignored="6" hostname="DESKTOP-KF4KNF8" failures="0" tests="4" name="Default test" time="82.731" errors="0" timestamp="2024-11-11T17:01:18 EET">
  <testcase classname="MyTestCases" name="CheckTheEnglishLanguageIsDefault" time="6.843"/>
  <testcase classname="MyTestCases" name="RandomlyChangeTheLanguage" time="44.026"/>
  <testcase classname="MyTestCases" name="CheckThatThePageIsFullyLoaded" time="0.05"/>
  <testcase classname="MyTestCases" name="CheckTheSortOption" time="18.331"/>
  <testcase classname="MyTestCases" name="CheckContactNumber" time="0.0">
    <ignored/>
  </testcase> <!-- CheckContactNumber -->
  <testcase classname="MyTestCases" name="CheckDepatureDate" time="0.0">
    <ignored/>
  </testcase> <!-- CheckDepatureDate -->
  <testcase classname="MyTestCases" name="CheckTheDefaultCurrencyIsSAR" time="0.0">
    <ignored/>
  </testcase> <!-- CheckTheDefaultCurrencyIsSAR -->
  <testcase classname="MyTestCases" name="CheckReturnDate" time="0.0">
    <ignored/>
  </testcase> <!-- CheckReturnDate -->
  <testcase classname="MyTestCases" name="CheckHotelTabIsNotSelected" time="0.0">
    <ignored/>
  </testcase> <!-- CheckHotelTabIsNotSelected -->
  <testcase classname="MyTestCases" name="CheckQitafLogoIsThereInTheFooter" time="0.0">
    <ignored/>
  </testcase> <!-- CheckQitafLogoIsThereInTheFooter -->
</testsuite> <!-- Default test -->
