<?xml version="1.0" encoding="UTF-8"?>
<testng-results ignored="6" total="10" passed="4" failed="0" skipped="0">
  <reporter-output>
  </reporter-output>
  <suite started-at="2024-11-11T16:59:56 EET" name="Default suite" finished-at="2024-11-11T17:01:18 EET" duration-ms="82731">
    <groups>
    </groups>
    <test started-at="2024-11-11T16:59:56 EET" name="Default test" finished-at="2024-11-11T17:01:18 EET" duration-ms="82731">
      <class name="MyTestCases">
        <test-method is-config="true" signature="mySetup()[pri:0, instance:MyTestCases@31000e60]" started-at="2024-11-11T16:59:56 EET" name="mySetup" finished-at="2024-11-11T17:00:09 EET" duration-ms="13429" status="PASS">
          <reporter-output>
          </reporter-output>
        </test-method> <!-- mySetup -->
        <test-method signature="CheckTheEnglishLanguageIsDefault()[pri:1, instance:MyTestCases@31000e60]" started-at="2024-11-11T17:00:09 EET" name="CheckTheEnglishLanguageIsDefault" finished-at="2024-11-11T17:00:16 EET" duration-ms="6843" status="PASS">
          <reporter-output>
          </reporter-output>
        </test-method> <!-- CheckTheEnglishLanguageIsDefault -->
        <test-method signature="RandomlyChangeTheLanguage()[pri:8, instance:MyTestCases@31000e60]" started-at="2024-11-11T17:00:16 EET" name="RandomlyChangeTheLanguage" finished-at="2024-11-11T17:01:00 EET" duration-ms="44026" status="PASS">
          <reporter-output>
          </reporter-output>
        </test-method> <!-- RandomlyChangeTheLanguage -->
        <test-method signature="CheckThatThePageIsFullyLoaded()[pri:9, instance:MyTestCases@31000e60]" started-at="2024-11-11T17:01:00 EET" name="CheckThatThePageIsFullyLoaded" finished-at="2024-11-11T17:01:00 EET" duration-ms="50" status="PASS">
          <reporter-output>
          </reporter-output>
        </test-method> <!-- CheckThatThePageIsFullyLoaded -->
        <test-method signature="CheckTheSortOption()[pri:10, instance:MyTestCases@31000e60]" started-at="2024-11-11T17:01:00 EET" name="CheckTheSortOption" finished-at="2024-11-11T17:01:18 EET" duration-ms="18331" status="PASS">
          <reporter-output>
          </reporter-output>
        </test-method> <!-- CheckTheSortOption -->
      </class> <!-- MyTestCases -->
    </test> <!-- Default test -->
  </suite> <!-- Default suite -->
</testng-results>
